2026-04-30 15:23:10  DEBUG     verify_test: debug message
2026-04-30 15:23:10  INFO      verify_test: info message
2026-04-30 15:23:10  WARNING   verify_test: warning message
2026-04-30 15:24:49  DEBUG     verify_test: debug message
2026-04-30 15:24:49  INFO      verify_test: info message
2026-04-30 15:24:49  WARNING   verify_test: warning message
2026-04-30 15:51:43  INFO      src.data_loader: Labels created. Rows: 5 (dropped 0). Stunted: 40.0% | Underweight: 40.0% | Wasted: 20.0%
2026-04-30 15:51:43  INFO      src.data_loader: Labels created. Rows: 5 (dropped 0). Stunted: 40.0% | Underweight: 40.0% | Wasted: 20.0%
2026-04-30 15:51:43  INFO      src.data_loader: Labels created. Rows: 5 (dropped 0). Stunted: 40.0% | Underweight: 40.0% | Wasted: 20.0%
2026-04-30 15:51:43  INFO      src.data_loader: Labels created. Rows: 5 (dropped 0). Stunted: 40.0% | Underweight: 40.0% | Wasted: 20.0%
2026-04-30 15:51:43  INFO      src.data_loader: Labels created. Rows: 2 (dropped 1). Stunted: 50.0% | Underweight: 50.0% | Wasted: 50.0%
2026-04-30 15:51:43  INFO      src.data_loader: Labels created. Rows: 1 (dropped 0). Stunted: 0.0% | Underweight: 100.0% | Wasted: 0.0%
2026-04-30 15:52:09  INFO      src.data_loader: Labels created. Rows: 5 (dropped 0). Stunted: 40.0% | Underweight: 40.0% | Wasted: 20.0%
2026-04-30 15:52:09  INFO      src.data_loader: Labels created. Rows: 5 (dropped 0). Stunted: 40.0% | Underweight: 40.0% | Wasted: 20.0%
2026-04-30 15:52:09  INFO      src.data_loader: Labels created. Rows: 5 (dropped 0). Stunted: 40.0% | Underweight: 40.0% | Wasted: 20.0%
2026-04-30 15:52:09  INFO      src.data_loader: Labels created. Rows: 5 (dropped 0). Stunted: 40.0% | Underweight: 40.0% | Wasted: 20.0%
2026-04-30 15:52:09  INFO      src.data_loader: Labels created. Rows: 2 (dropped 1). Stunted: 50.0% | Underweight: 50.0% | Wasted: 50.0%
2026-04-30 15:52:09  INFO      src.data_loader: Labels created. Rows: 1 (dropped 0). Stunted: 0.0% | Underweight: 100.0% | Wasted: 0.0%
2026-05-01 07:06:36  INFO      src.data_loader: Loading 18 columns from IAKR7EFL.DTA...
2026-05-01 07:06:41  INFO      src.data_loader: Loaded: 0 rows x 0 columns
2026-05-01 07:06:41  INFO      src.data_loader: Missing code replacement: 0 Z-score values → NaN
2026-05-01 07:06:41  INFO      src.data_loader: Z-scores scaled. Final shape: (0, 0)
2026-05-01 07:19:26  INFO      src.data_loader: Loading 18 columns from IAKR7EFL.DTA...
2026-05-01 07:19:30  INFO      src.data_loader: Loaded: 0 rows x 0 columns
2026-05-01 07:19:30  INFO      src.data_loader: Missing code replacement: 0 Z-score values → NaN
2026-05-01 07:19:30  INFO      src.data_loader: Z-scores scaled. Final shape: (0, 0)
2026-05-01 07:32:29  INFO      src.data_loader: Loading 18 columns from IAKR7EFL.DTA...
2026-05-01 07:32:31  INFO      src.data_loader: Loaded: 0 rows x 0 columns
2026-05-01 07:32:31  INFO      src.data_loader: Missing code replacement: 0 Z-score values → NaN
2026-05-01 07:32:31  INFO      src.data_loader: Z-scores scaled. Final shape: (0, 0)
2026-05-01 07:32:53  INFO      src.data_loader: Loading 20 columns from IAKR7EFL.DTA...
2026-05-01 07:32:56  INFO      src.data_loader: Loaded: 232,920 rows x 14 columns
2026-05-01 07:32:56  INFO      src.data_loader: Missing code replacement: 0 Z-score values → NaN
2026-05-01 07:32:56  INFO      src.data_loader: Z-scores scaled. Final shape: (232920, 14)
2026-05-01 07:35:15  INFO      src.data_loader: Loading 18 columns from IAKR7EFL.DTA...
2026-05-01 07:35:19  INFO      src.data_loader: Loaded: 232,920 rows x 14 columns
2026-05-01 07:35:19  INFO      src.data_loader: Missing code replacement: 0 Z-score values → NaN
2026-05-01 07:35:19  INFO      src.data_loader: Z-scores scaled. Final shape: (232920, 14)
2026-05-01 07:36:26  INFO      src.data_loader: Loaded: 232,920 rows x 14 columns
2026-05-01 07:36:26  INFO      src.data_loader: Missing code replacement: 0 Z-score values → NaN
2026-05-01 07:36:26  INFO      src.data_loader: Z-scores scaled. Final shape: (232920, 14)
2026-05-01 07:36:37  INFO      src.data_loader: Loaded: 232,920 rows x 14 columns
2026-05-01 07:36:37  INFO      src.data_loader: Missing code replacement: 0 Z-score values → NaN
2026-05-01 07:36:37  INFO      src.data_loader: Z-scores scaled. Final shape: (232920, 14)
2026-05-01 07:38:21  INFO      src.data_loader: Loaded: 232,920 rows x 14 columns
2026-05-01 07:38:21  INFO      src.data_loader: Missing code replacement: 0 Z-score values → NaN
2026-05-01 07:38:21  WARNING   src.data_loader: HAZ: 5,064 values outside [-6.0, 6.0] after scaling. These will be NaN after label creation bounds filter.
2026-05-01 07:38:21  WARNING   src.data_loader: WAZ: 1,160 values outside [-6.0, 6.0] after scaling. These will be NaN after label creation bounds filter.
2026-05-01 07:38:21  WARNING   src.data_loader: WHZ: 12,844 values outside [-6.0, 6.0] after scaling. These will be NaN after label creation bounds filter.
2026-05-01 07:38:21  INFO      src.data_loader: Z-scores scaled. Final shape: (232920, 14)
2026-05-01 07:38:21  INFO      src.data_loader: Labels created. Rows: 215,244 (dropped 17,676). Stunted: 34.0% | Underweight: 30.2% | Wasted: 17.4%
2026-05-01 07:38:53  INFO      src.data_loader: Loaded: 232,920 rows x 14 columns
2026-05-01 07:38:53  INFO      src.data_loader: Missing code replacement: 0 Z-score values → NaN
2026-05-01 07:38:53  WARNING   src.data_loader: HAZ: 5,064 values outside [-6.0, 6.0] after scaling. These will be NaN after label creation bounds filter.
2026-05-01 07:38:53  WARNING   src.data_loader: WAZ: 1,160 values outside [-6.0, 6.0] after scaling. These will be NaN after label creation bounds filter.
2026-05-01 07:38:53  WARNING   src.data_loader: WHZ: 12,844 values outside [-6.0, 6.0] after scaling. These will be NaN after label creation bounds filter.
2026-05-01 07:38:53  INFO      src.data_loader: Z-scores scaled. Final shape: (232920, 14)
2026-05-01 07:38:53  INFO      src.data_loader: Labels created. Rows: 215,244 (dropped 17,676). Stunted: 34.0% | Underweight: 30.2% | Wasted: 17.4%
2026-05-01 07:42:02  INFO      src.data_loader: Loaded: 232,920 rows x 14 columns
2026-05-01 07:42:02  INFO      src.data_loader: Missing code replacement: 0 Z-score values → NaN
2026-05-01 07:42:02  WARNING   src.data_loader: HAZ: 5,064 values outside [-6.0, 6.0] after scaling. These will be NaN after label creation bounds filter.
2026-05-01 07:42:02  WARNING   src.data_loader: WAZ: 1,160 values outside [-6.0, 6.0] after scaling. These will be NaN after label creation bounds filter.
2026-05-01 07:42:02  WARNING   src.data_loader: WHZ: 12,844 values outside [-6.0, 6.0] after scaling. These will be NaN after label creation bounds filter.
2026-05-01 07:42:02  INFO      src.data_loader: Z-scores scaled. Final shape: (232920, 14)
2026-05-01 07:42:02  INFO      src.data_loader: Labels created. Rows: 215,244 (dropped 17,676). Stunted: 34.0% | Underweight: 30.2% | Wasted: 17.4%
2026-05-01 07:42:47  INFO      src.data_loader: Loaded: 232,920 rows x 14 columns
2026-05-01 07:42:47  INFO      src.data_loader: Missing code replacement: 0 Z-score values → NaN
2026-05-01 07:42:47  WARNING   src.data_loader: HAZ: 5,064 values outside [-6.0, 6.0] after scaling. These will be NaN after label creation bounds filter.
2026-05-01 07:42:47  WARNING   src.data_loader: WAZ: 1,160 values outside [-6.0, 6.0] after scaling. These will be NaN after label creation bounds filter.
2026-05-01 07:42:47  WARNING   src.data_loader: WHZ: 12,844 values outside [-6.0, 6.0] after scaling. These will be NaN after label creation bounds filter.
2026-05-01 07:42:47  INFO      src.data_loader: Z-scores scaled. Final shape: (232920, 14)
2026-05-01 07:42:47  INFO      src.data_loader: Labels created. Rows: 215,244 (dropped 17,676). Stunted: 34.0% | Underweight: 30.2% | Wasted: 17.4%
2026-05-01 07:46:08  INFO      src.data_loader: Loaded: 232,920 rows x 14 columns
2026-05-01 07:46:08  INFO      src.data_loader: Missing code replacement: 0 Z-score values → NaN
2026-05-01 07:46:08  WARNING   src.data_loader: HAZ: 5,064 values outside [-6.0, 6.0] after scaling. These will be NaN after label creation bounds filter.
2026-05-01 07:46:08  WARNING   src.data_loader: WAZ: 1,160 values outside [-6.0, 6.0] after scaling. These will be NaN after label creation bounds filter.
2026-05-01 07:46:08  WARNING   src.data_loader: WHZ: 12,844 values outside [-6.0, 6.0] after scaling. These will be NaN after label creation bounds filter.
2026-05-01 07:46:08  INFO      src.data_loader: Z-scores scaled. Final shape: (232920, 14)
2026-05-01 07:46:08  INFO      src.data_loader: Labels created. Rows: 215,244 (dropped 17,676). Stunted: 34.0% | Underweight: 30.2% | Wasted: 17.4%
2026-05-01 07:47:17  INFO      src.data_loader: Loaded: 232,920 rows x 14 columns
2026-05-01 07:47:17  INFO      src.data_loader: Missing code replacement: 0 Z-score values → NaN
2026-05-01 07:47:17  WARNING   src.data_loader: HAZ: 5,064 values outside [-6.0, 6.0] after scaling. These will be NaN after label creation bounds filter.
2026-05-01 07:47:17  WARNING   src.data_loader: WAZ: 1,160 values outside [-6.0, 6.0] after scaling. These will be NaN after label creation bounds filter.
2026-05-01 07:47:17  WARNING   src.data_loader: WHZ: 12,844 values outside [-6.0, 6.0] after scaling. These will be NaN after label creation bounds filter.
2026-05-01 07:47:17  INFO      src.data_loader: Z-scores scaled. Final shape: (232920, 14)
2026-05-01 07:47:20  INFO      src.data_loader: Loaded: 232,920 rows x 14 columns
2026-05-01 07:47:20  INFO      src.data_loader: Missing code replacement: 0 Z-score values → NaN
2026-05-01 07:47:20  WARNING   src.data_loader: HAZ: 5,064 values outside [-6.0, 6.0] after scaling. These will be NaN after label creation bounds filter.
2026-05-01 07:47:20  WARNING   src.data_loader: WAZ: 1,160 values outside [-6.0, 6.0] after scaling. These will be NaN after label creation bounds filter.
2026-05-01 07:47:20  WARNING   src.data_loader: WHZ: 12,844 values outside [-6.0, 6.0] after scaling. These will be NaN after label creation bounds filter.
2026-05-01 07:47:20  INFO      src.data_loader: Z-scores scaled. Final shape: (232920, 14)
2026-05-01 07:47:20  INFO      src.data_loader: Labels created. Rows: 215,244 (dropped 17,676). Stunted: 34.0% | Underweight: 30.2% | Wasted: 17.4%
2026-05-01 07:47:46  INFO      src.data_loader: Loaded: 232,920 rows x 14 columns
2026-05-01 07:47:46  INFO      src.data_loader: Missing code replacement: 0 Z-score values → NaN
2026-05-01 07:47:46  WARNING   src.data_loader: HAZ: 5,064 values outside [-6.0, 6.0] after scaling. These will be NaN after label creation bounds filter.
2026-05-01 07:47:46  WARNING   src.data_loader: WAZ: 1,160 values outside [-6.0, 6.0] after scaling. These will be NaN after label creation bounds filter.
2026-05-01 07:47:46  WARNING   src.data_loader: WHZ: 12,844 values outside [-6.0, 6.0] after scaling. These will be NaN after label creation bounds filter.
2026-05-01 07:47:46  INFO      src.data_loader: Z-scores scaled. Final shape: (232920, 14)
2026-05-01 07:47:47  INFO      src.data_loader: Labels created. Rows: 215,244 (dropped 17,676). Stunted: 34.0% | Underweight: 30.2% | Wasted: 17.4%
2026-05-01 07:48:41  INFO      src.data_loader: Loaded: 232,920 rows x 14 columns
2026-05-01 07:48:41  INFO      src.data_loader: Missing code replacement: 0 Z-score values → NaN
2026-05-01 07:48:41  WARNING   src.data_loader: HAZ: 5,064 values outside [-6.0, 6.0] after scaling. These will be NaN after label creation bounds filter.
2026-05-01 07:48:41  WARNING   src.data_loader: WAZ: 1,160 values outside [-6.0, 6.0] after scaling. These will be NaN after label creation bounds filter.
2026-05-01 07:48:41  WARNING   src.data_loader: WHZ: 12,844 values outside [-6.0, 6.0] after scaling. These will be NaN after label creation bounds filter.
2026-05-01 07:48:41  INFO      src.data_loader: Z-scores scaled. Final shape: (232920, 14)
2026-05-01 07:48:42  INFO      src.data_loader: Labels created. Rows: 215,244 (dropped 17,676). Stunted: 34.0% | Underweight: 30.2% | Wasted: 17.4%
2026-05-01 07:52:22  INFO      src.data_loader: Loaded: 232,920 rows x 14 columns
2026-05-01 07:52:22  INFO      src.data_loader: Missing code replacement: 0 Z-score values → NaN
2026-05-01 07:52:22  WARNING   src.data_loader: HAZ: 5,064 values outside [-6.0, 6.0] after scaling. These will be NaN after label creation bounds filter.
2026-05-01 07:52:22  WARNING   src.data_loader: WAZ: 1,160 values outside [-6.0, 6.0] after scaling. These will be NaN after label creation bounds filter.
2026-05-01 07:52:22  WARNING   src.data_loader: WHZ: 12,844 values outside [-6.0, 6.0] after scaling. These will be NaN after label creation bounds filter.
2026-05-01 07:52:22  INFO      src.data_loader: Z-scores scaled. Final shape: (232920, 14)
2026-05-01 07:52:22  INFO      src.data_loader: Labels created. Rows: 215,244 (dropped 17,676). Stunted: 34.0% | Underweight: 30.2% | Wasted: 17.4%
2026-05-01 07:52:48  INFO      src.data_loader: Loaded: 232,920 rows x 14 columns
2026-05-01 07:52:48  INFO      src.data_loader: Missing code replacement: 0 Z-score values → NaN
2026-05-01 07:52:48  WARNING   src.data_loader: HAZ: 5,064 values outside [-6.0, 6.0] after scaling. These will be NaN after label creation bounds filter.
2026-05-01 07:52:48  WARNING   src.data_loader: WAZ: 1,160 values outside [-6.0, 6.0] after scaling. These will be NaN after label creation bounds filter.
2026-05-01 07:52:48  WARNING   src.data_loader: WHZ: 12,844 values outside [-6.0, 6.0] after scaling. These will be NaN after label creation bounds filter.
2026-05-01 07:52:48  INFO      src.data_loader: Z-scores scaled. Final shape: (232920, 14)
2026-05-01 07:53:38  INFO      src.data_loader: Loaded: 232,920 rows x 14 columns
2026-05-01 07:53:39  INFO      src.data_loader: Missing code replacement: 19,068 Z-score values → NaN
2026-05-01 07:53:39  INFO      src.data_loader: Z-scores scaled. Final shape: (232920, 14)
2026-05-01 07:53:39  INFO      src.data_loader: Labels created. Rows: 211,639 (dropped 21,274). Stunted: 34.5% | Underweight: 30.7% | Wasted: 17.7%
2026-05-01 07:54:14  INFO      src.data_loader: Loaded: 232,920 rows x 14 columns
2026-05-01 07:54:15  INFO      src.data_loader: Missing code replacement: 19,068 Z-score values → NaN
2026-05-01 07:54:15  INFO      src.data_loader: Z-scores scaled. Final shape: (232920, 14)
2026-05-01 07:54:15  INFO      src.data_loader: Labels created. Rows: 211,639 (dropped 21,274). Stunted: 34.5% | Underweight: 30.7% | Wasted: 17.7%
2026-05-01 08:01:33  INFO      src.data_loader: Loaded: 232,920 rows x 14 columns
2026-05-01 08:01:33  INFO      src.data_loader: Missing code replacement: 19,068 Z-score values → NaN
2026-05-01 08:01:33  INFO      src.data_loader: Z-scores scaled. Final shape: (232920, 14)
2026-05-01 08:01:34  INFO      src.data_loader: Labels created. Rows: 211,639 (dropped 21,274). Stunted: 34.5% | Underweight: 30.7% | Wasted: 17.7%
2026-05-01 08:22:07  INFO      src.preprocessing: SC/ST column detected: V131
2026-05-01 08:22:07  WARNING   src.preprocessing: No SC/ST column found. Searched: ['V131', 'S116', 'SH46', 'V130']. Fairness audit for Scheduled Tribe subgroup will be unavailable. Consider requesting the Household Members Recode (PR) file from DHS.
2026-05-01 08:22:07  INFO      src.preprocessing: Categorical encoding applied to: ['B4', 'V025']
2026-05-01 08:24:19  INFO      src.labels: WHO thresholds applied: stunted=-2.0, underweight=-2.0, wasted=-2.0
2026-05-01 08:24:19  INFO      src.labels: ─── Label Audit ───
2026-05-01 08:24:19  INFO      src.labels:   stunted: 50.0% prevalence
2026-05-01 08:24:19  INFO      src.labels:   underweight: 50.0% prevalence
2026-05-01 08:24:19  INFO      src.labels:   wasted: 25.0% prevalence
2026-05-01 08:24:19  INFO      src.labels:   stunted: scale_pos_weight = 1.0
2026-05-01 08:24:19  INFO      src.labels:   underweight: scale_pos_weight = 1.0
2026-05-01 08:24:19  INFO      src.labels:   wasted: scale_pos_weight = 1.0
2026-05-01 08:24:19  INFO      src.labels: WHO thresholds applied: stunted=-2.0, underweight=-2.0, wasted=-2.0
